app/build/outputs/logs/manifest-merger-debug-report.txt
-- Merging decision tree log ---
manifest
ADDED from src\main\AndroidManifest.xml:2:1-42:12
INJECTED from src\main\AndroidManifest.xml:2:1-42:12
INJECTED from src\main\AndroidManifest.xml:2:1-42:12
INJECTED from src\main\AndroidManifest.xml:2:1-42:12
MERGED from [com.android.databinding:adapters:3.1.1] AndroidManifest.xml:17:1-24:12
MERGED from [com.android.databinding:library:3.1.1] AndroidManifest.xml:17:1-24:12
MERGED from [:service] AndroidManifest.xml:2:1-26:12
MERGED from [com.android.support:appcompat-v7:27.1.1] AndroidManifest.xml:17:1-22:12
MERGED from [com.android.support.constraint:constraint-layout:1.0.2] AndroidManifest.xml:2:1-11:12
MERGED from [:wificonfiglibs-release:] AndroidManifest.xml:2:1-11:12
MERGED from [com.android.support:support-fragment:27.1.1] AndroidManifest.xml:17:1-22:12
MERGED from [com.android.support:animated-vector-drawable:27.1.1] AndroidManifest.xml:17:1-22:12
MERGED from [com.android.support:support-vector-drawable:27.1.1] AndroidManifest.xml:17:1-22:12
MERGED from [com.android.support:support-core-ui:27.1.1] AndroidManifest.xml:17:1-22:12
MERGED from [com.android.support:support-core-utils:27.1.1] AndroidManifest.xml:17:1-22:12
MERGED from [com.android.support:support-compat:27.1.1] AndroidManifest.xml:17:1-22:12
MERGED from [android.arch.lifecycle:runtime:1.1.0] AndroidManifest.xml:17:1-22:12
MERGED from [android.arch.lifecycle:livedata-core:1.1.0] AndroidManifest.xml:17:1-22:12
MERGED from [android.arch.core:runtime:1.1.0] AndroidManifest.xml:17:1-22:12
MERGED from [:sl-jni] AndroidManifest.xml:2:1-14:12
MERGED from [android.arch.lifecycle:viewmodel:1.1.0] AndroidManifest.xml:17:1-22:12
INJECTED from src\main\AndroidManifest.xml:2:1-42:12
INJECTED from src\main\AndroidManifest.xml:2:1-42:12
INJECTED from src\main\AndroidManifest.xml:2:1-42:12
	package
		ADDED from src\main\AndroidManifest.xml:3:5-36
		INJECTED from src\main\AndroidManifest.xml
		INJECTED from src\main\AndroidManifest.xml
	android:versionName
		INJECTED from src\main\AndroidManifest.xml
		ADDED from src\main\AndroidManifest.xml:2:1-42:12
		INJECTED from src\main\AndroidManifest.xml
	android:versionCode
		INJECTED from src\main\AndroidManifest.xml
		ADDED from src\main\AndroidManifest.xml:2:1-42:12
		INJECTED from src\main\AndroidManifest.xml
	xmlns:android
		ADDED from src\main\AndroidManifest.xml:2:11-69
uses-permission#android.permission.ACCESS_COARSE_LOCATION
ADDED from src\main\AndroidManifest.xml:5:5-81
	android:name
		ADDED from src\main\AndroidManifest.xml:5:22-78
uses-permission#android.permission.ACCESS_FINE_LOCATION
ADDED from src\main\AndroidManifest.xml:6:5-79
	android:name
		ADDED from src\main\AndroidManifest.xml:6:22-76
uses-permission#android.permission.ACCESS_WIFI_STATE
ADDED from src\main\AndroidManifest.xml:7:5-76
	android:name
		ADDED from src\main\AndroidManifest.xml:7:22-73
uses-permission#android.permission.CHANGE_WIFI_STATE
ADDED from src\main\AndroidManifest.xml:8:5-76
	android:name
		ADDED from src\main\AndroidManifest.xml:8:22-73
uses-permission#android.permission.INTERNET
ADDED from src\main\AndroidManifest.xml:9:5-67
MERGED from [:sl-jni] AndroidManifest.xml:12:5-67
MERGED from [:sl-jni] AndroidManifest.xml:12:5-67
	android:name
		ADDED from src\main\AndroidManifest.xml:9:22-64
application
ADDED from src\main\AndroidManifest.xml:11:5-40:19
MERGED from [:service] AndroidManifest.xml:13:5-24:19
MERGED from [:service] AndroidManifest.xml:13:5-24:19
MERGED from [com.android.support.constraint:constraint-layout:1.0.2] AndroidManifest.xml:9:5-20
MERGED from [com.android.support.constraint:constraint-layout:1.0.2] AndroidManifest.xml:9:5-20
	android:supportsRtl
		ADDED from src\main\AndroidManifest.xml:17:9-35
	android:label
		ADDED from src\main\AndroidManifest.xml:15:9-41
	android:roundIcon
		ADDED from src\main\AndroidManifest.xml:16:9-54
	android:icon
		ADDED from src\main\AndroidManifest.xml:14:9-43
	android:allowBackup
		ADDED from src\main\AndroidManifest.xml:13:9-35
	android:theme
		ADDED from src\main\AndroidManifest.xml:18:9-40
	android:name
		ADDED from src\main\AndroidManifest.xml:12:9-47
activity#com.alpine.sample.app.RootActivity
ADDED from src\main\AndroidManifest.xml:19:9-26:20
	android:screenOrientation
		ADDED from src\main\AndroidManifest.xml:21:13-49
	android:name
		ADDED from src\main\AndroidManifest.xml:20:13-41
intent-filter#action:name:android.intent.action.MAIN+category:name:android.intent.category.LAUNCHER
ADDED from src\main\AndroidManifest.xml:22:13-25:29
action#android.intent.action.MAIN
ADDED from src\main\AndroidManifest.xml:23:17-69
	android:name
		ADDED from src\main\AndroidManifest.xml:23:25-66
category#android.intent.category.LAUNCHER
ADDED from src\main\AndroidManifest.xml:24:17-77
	android:name
		ADDED from src\main\AndroidManifest.xml:24:27-74
activity#com.alpine.sample.app.httpServer.MainActivity
ADDED from src\main\AndroidManifest.xml:27:9-29:52
	android:screenOrientation
		ADDED from src\main\AndroidManifest.xml:29:13-49
	android:name
		ADDED from src\main\AndroidManifest.xml:28:13-52
activity#com.alpine.sample.app.wifiSetting.WifiSelectionListActivity
ADDED from src\main\AndroidManifest.xml:30:9-32:52
	android:screenOrientation
		ADDED from src\main\AndroidManifest.xml:32:13-49
	android:name
		ADDED from src\main\AndroidManifest.xml:31:13-66
activity#com.alpine.sample.app.wifiSetting.WifiSettingSSIDActivity
ADDED from src\main\AndroidManifest.xml:33:9-35:52
	android:screenOrientation
		ADDED from src\main\AndroidManifest.xml:35:13-49
	android:name
		ADDED from src\main\AndroidManifest.xml:34:13-64
activity#com.alpine.sample.app.wifiSetting.WifiSettingSSIDManualActivity
ADDED from src\main\AndroidManifest.xml:37:9-39:52
	android:screenOrientation
		ADDED from src\main\AndroidManifest.xml:39:13-49
	android:name
		ADDED from src\main\AndroidManifest.xml:38:13-70
uses-sdk
INJECTED from src\main\AndroidManifest.xml reason: use-sdk injection requested
INJECTED from src\main\AndroidManifest.xml
INJECTED from src\main\AndroidManifest.xml
MERGED from [com.android.databinding:adapters:3.1.1] AndroidManifest.xml:22:5-44
MERGED from [com.android.databinding:adapters:3.1.1] AndroidManifest.xml:22:5-44
MERGED from [com.android.databinding:library:3.1.1] AndroidManifest.xml:22:5-44
MERGED from [com.android.databinding:library:3.1.1] AndroidManifest.xml:22:5-44
MERGED from [:service] AndroidManifest.xml:7:5-9:41
MERGED from [:service] AndroidManifest.xml:7:5-9:41
MERGED from [com.android.support:appcompat-v7:27.1.1] AndroidManifest.xml:20:5-44
MERGED from [com.android.support:appcompat-v7:27.1.1] AndroidManifest.xml:20:5-44
MERGED from [com.android.support.constraint:constraint-layout:1.0.2] AndroidManifest.xml:5:5-7:41
MERGED from [com.android.support.constraint:constraint-layout:1.0.2] AndroidManifest.xml:5:5-7:41
MERGED from [:wificonfiglibs-release:] AndroidManifest.xml:7:5-9:41
MERGED from [:wificonfiglibs-release:] AndroidManifest.xml:7:5-9:41
MERGED from [com.android.support:support-fragment:27.1.1] AndroidManifest.xml:20:5-44
MERGED from [com.android.support:support-fragment:27.1.1] AndroidManifest.xml:20:5-44
MERGED from [com.android.support:animated-vector-drawable:27.1.1] AndroidManifest.xml:20:5-44
MERGED from [com.android.support:animated-vector-drawable:27.1.1] AndroidManifest.xml:20:5-44
MERGED from [com.android.support:support-vector-drawable:27.1.1] AndroidManifest.xml:20:5-44
MERGED from [com.android.support:support-vector-drawable:27.1.1] AndroidManifest.xml:20:5-44
MERGED from [com.android.support:support-core-ui:27.1.1] AndroidManifest.xml:20:5-44
MERGED from [com.android.support:support-core-ui:27.1.1] AndroidManifest.xml:20:5-44
MERGED from [com.android.support:support-core-utils:27.1.1] AndroidManifest.xml:20:5-44
MERGED from [com.android.support:support-core-utils:27.1.1] AndroidManifest.xml:20:5-44
MERGED from [com.android.support:support-compat:27.1.1] AndroidManifest.xml:20:5-44
MERGED from [com.android.support:support-compat:27.1.1] AndroidManifest.xml:20:5-44
MERGED from [android.arch.lifecycle:runtime:1.1.0] AndroidManifest.xml:20:5-44
MERGED from [android.arch.lifecycle:runtime:1.1.0] AndroidManifest.xml:20:5-44
MERGED from [android.arch.lifecycle:livedata-core:1.1.0] AndroidManifest.xml:20:5-44
MERGED from [android.arch.lifecycle:livedata-core:1.1.0] AndroidManifest.xml:20:5-44
MERGED from [android.arch.core:runtime:1.1.0] AndroidManifest.xml:20:5-44
MERGED from [android.arch.core:runtime:1.1.0] AndroidManifest.xml:20:5-44
MERGED from [:sl-jni] AndroidManifest.xml:7:5-9:41
MERGED from [:sl-jni] AndroidManifest.xml:7:5-9:41
MERGED from [android.arch.lifecycle:viewmodel:1.1.0] AndroidManifest.xml:20:5-44
MERGED from [android.arch.lifecycle:viewmodel:1.1.0] AndroidManifest.xml:20:5-44
INJECTED from src\main\AndroidManifest.xml
INJECTED from src\main\AndroidManifest.xml
	android:targetSdkVersion
		INJECTED from src\main\AndroidManifest.xml
		ADDED from src\main\AndroidManifest.xml
		INJECTED from src\main\AndroidManifest.xml
	android:minSdkVersion
		INJECTED from src\main\AndroidManifest.xml
		ADDED from src\main\AndroidManifest.xml
		INJECTED from src\main\AndroidManifest.xml
uses-permission#android.permission.ACCESS_NETWORK_STATE
ADDED from [:service] AndroidManifest.xml:11:5-79
MERGED from [:sl-jni] AndroidManifest.xml:11:5-79
MERGED from [:sl-jni] AndroidManifest.xml:11:5-79
	android:name
		ADDED from [:service] AndroidManifest.xml:11:22-76
service#com.alpine.sample.service._19BbService
ADDED from [:service] AndroidManifest.xml:17:9-23:19
	android:exported
		ADDED from [:service] AndroidManifest.xml:19:13-37
	android:name
		ADDED from [:service] AndroidManifest.xml:18:13-66
intent-filter#action:name:com.alpine.sample.service._19BbService
ADDED from [:service] AndroidManifest.xml:20:13-22:29
action#com.alpine.sample.service._19BbService
ADDED from [:service] AndroidManifest.xml:21:17-81
	android:name
		ADDED from [:service] AndroidManifest.xml:21:25-78